<?xml version="1.0" encoding="UTF-8"?>
<testng-results skipped="0" failed="0" total="4" passed="4">
  <reporter-output>
  </reporter-output>
  <suite name="TestingBasics2" duration-ms="16" started-at="2015-06-02T17:25:27Z" finished-at="2015-06-02T17:25:27Z">
    <groups>
    </groups>
    <test name="SingleTestSuite2" duration-ms="16" started-at="2015-06-02T17:25:27Z" finished-at="2015-06-02T17:25:27Z">
      <class name="lqas.automation.AppTest2">
        <test-method status="PASS" signature="forthTest()[pri:0, instance:lqas.automation.AppTest2@45ca9fd]" name="forthTest" duration-ms="16" started-at="2015-06-02T20:25:27Z" finished-at="2015-06-02T20:25:27Z">
          <reporter-output>
          </reporter-output>
        </test-method> <!-- forthTest -->
        <test-method status="PASS" signature="thirdtTest()[pri:0, instance:lqas.automation.AppTest2@45ca9fd]" name="thirdtTest" duration-ms="0" started-at="2015-06-02T20:25:27Z" finished-at="2015-06-02T20:25:27Z">
          <reporter-output>
          </reporter-output>
        </test-method> <!-- thirdtTest -->
      </class> <!-- lqas.automation.AppTest2 -->
    </test> <!-- SingleTestSuite2 -->
  </suite> <!-- TestingBasics2 -->
  <suite name="TestingBasics1" duration-ms="0" started-at="2015-06-02T17:25:27Z" finished-at="2015-06-02T17:25:27Z">
    <groups>
    </groups>
    <test name="SingleTestSuite1" duration-ms="0" started-at="2015-06-02T17:25:27Z" finished-at="2015-06-02T17:25:27Z">
      <class name="lqas.automation.AppTest">
        <test-method status="PASS" signature="secondTest()[pri:0, instance:lqas.automation.AppTest@678aa6a7]" name="secondTest" duration-ms="0" started-at="2015-06-02T20:25:27Z" finished-at="2015-06-02T20:25:27Z">
          <reporter-output>
          </reporter-output>
        </test-method> <!-- secondTest -->
        <test-method status="PASS" signature="firstTest()[pri:0, instance:lqas.automation.AppTest@678aa6a7]" name="firstTest" duration-ms="0" started-at="2015-06-02T20:25:27Z" finished-at="2015-06-02T20:25:27Z">
          <reporter-output>
          </reporter-output>
        </test-method> <!-- firstTest -->
      </class> <!-- lqas.automation.AppTest -->
    </test> <!-- SingleTestSuite1 -->
  </suite> <!-- TestingBasics1 -->
</testng-results>
