<?xml version="1.0" encoding="UTF-8"?>
<testng-results skipped="0" failed="0" total="2" passed="2">
  <reporter-output>
  </reporter-output>
  <suite name="TestingBasics2" duration-ms="21" started-at="2014-05-29T16:59:53Z" finished-at="2014-05-29T16:59:53Z">
    <groups>
    </groups>
    <test name="SingleTestSuite2" duration-ms="21" started-at="2014-05-29T16:59:53Z" finished-at="2014-05-29T16:59:53Z">
      <class name="lqas.automation.AppTest2">
        <test-method status="PASS" signature="forthTest()[pri:0, instance:lqas.automation.AppTest2@2ee28063]" name="forthTest" duration-ms="10" started-at="2014-05-29T19:59:53Z" finished-at="2014-05-29T19:59:53Z">
          <reporter-output>
          </reporter-output>
        </test-method> <!-- forthTest -->
        <test-method status="PASS" signature="thirdtTest()[pri:0, instance:lqas.automation.AppTest2@2ee28063]" name="thirdtTest" duration-ms="1" started-at="2014-05-29T19:59:53Z" finished-at="2014-05-29T19:59:53Z">
          <reporter-output>
          </reporter-output>
        </test-method> <!-- thirdtTest -->
      </class> <!-- lqas.automation.AppTest2 -->
    </test> <!-- SingleTestSuite2 -->
  </suite> <!-- TestingBasics2 -->
</testng-results>
